<?xml version="1.0" encoding="UTF-8"?>
<!-- Generated by org.testng.reporters.JUnitReportReporter -->
<testsuite hostname="Rajesh" failures="0" tests="1" name="com.agilecrm.login.LoginTest" time="16.358" errors="0" timestamp="2023-01-15T01:51:30 IST" skipped="0">
  <testcase classname="com.agilecrm.login.LoginTest" name="SignIn" time="16.358"/>
  <system-out/>
</testsuite> <!-- com.agilecrm.login.LoginTest -->
